2024-01-05T20:35:50.612+02:00  INFO 16532 --- [main] e.h.s.SpringDataHwLesson38Application    : Starting SpringDataHwLesson38Application using Java 21.0.1 with PID 16532 (D:\projects\java\IDEA\SpringDataHWLesson38\target\classes started by Tymur in D:\projects\java\IDEA\SpringDataHWLesson38)
2024-01-05T20:35:50.615+02:00  INFO 16532 --- [main] e.h.s.SpringDataHwLesson38Application    : No active profile set, falling back to 1 default profile: "default"
2024-01-05T20:35:51.054+02:00  INFO 16532 --- [main] .s.d.r.c.RepositoryConfigurationDelegate : Bootstrapping Spring Data JPA repositories in DEFAULT mode.
2024-01-05T20:35:51.090+02:00  INFO 16532 --- [main] .s.d.r.c.RepositoryConfigurationDelegate : Finished Spring Data repository scanning in 30 ms. Found 2 JPA repository interfaces.
2024-01-05T20:35:51.412+02:00  INFO 16532 --- [main] o.s.b.w.embedded.tomcat.TomcatWebServer  : Tomcat initialized with port 8080 (http)
2024-01-05T20:35:51.420+02:00  INFO 16532 --- [main] o.apache.catalina.core.StandardService   : Starting service [Tomcat]
2024-01-05T20:35:51.420+02:00  INFO 16532 --- [main] o.apache.catalina.core.StandardEngine    : Starting Servlet engine: [Apache Tomcat/10.1.17]
2024-01-05T20:35:51.462+02:00  INFO 16532 --- [main] o.a.c.c.C.[Tomcat].[localhost].[/]       : Initializing Spring embedded WebApplicationContext
2024-01-05T20:35:51.463+02:00  INFO 16532 --- [main] w.s.c.ServletWebServerApplicationContext : Root WebApplicationContext: initialization completed in 819 ms
2024-01-05T20:35:51.759+02:00  INFO 16532 --- [main] o.s.o.j.p.SpringPersistenceUnitInfo      : No LoadTimeWeaver setup: ignoring JPA class transformer
2024-01-05T20:35:51.775+02:00  INFO 16532 --- [main] com.zaxxer.hikari.HikariDataSource       : HikariPool-1 - Starting...
2024-01-05T20:35:52.014+02:00  INFO 16532 --- [main] com.zaxxer.hikari.pool.HikariPool        : HikariPool-1 - Added connection com.mysql.cj.jdbc.ConnectionImpl@5273143e
2024-01-05T20:35:52.016+02:00  INFO 16532 --- [main] com.zaxxer.hikari.HikariDataSource       : HikariPool-1 - Start completed.
2024-01-05T20:35:52.790+02:00  INFO 16532 --- [main] j.LocalContainerEntityManagerFactoryBean : Initialized JPA EntityManagerFactory for persistence unit 'default'
2024-01-05T20:35:53.239+02:00  INFO 16532 --- [main] o.s.b.w.embedded.tomcat.TomcatWebServer  : Tomcat started on port 8080 (http) with context path ''
2024-01-05T20:35:53.245+02:00  INFO 16532 --- [main] e.h.s.SpringDataHwLesson38Application    : Started SpringDataHwLesson38Application in 2.996 seconds (process running for 3.422)
2024-01-05T20:35:53.249+02:00  INFO 16532 --- [main] e.h.s.service.OrderService               : Call addOrder() method with order=Order{id=1, date=2024-01-05T20:35:53.247389500, cost=166.64999999999998, products=[Product{id=1, name='Product 1', cost=11.11}, Product{id=2, name='Product 2', cost=22.22}, Product{id=3, name='Product 3', cost=33.33}, Product{id=4, name='Product 4', cost=44.44}, Product{id=5, name='Product 5', cost=55.55}]} parameter.
2024-01-05T20:35:53.573+02:00  INFO 16532 --- [main] e.h.s.service.OrderService               : New order Order{id=1, date=2024-01-05T20:35:53.247389500, cost=166.64999999999998, products=[Product{id=1, name='Product 1', cost=11.11}, Product{id=2, name='Product 2', cost=22.22}, Product{id=3, name='Product 3', cost=33.33}, Product{id=4, name='Product 4', cost=44.44}, Product{id=5, name='Product 5', cost=55.55}]} successfully added.
2024-01-05T20:35:53.576+02:00  INFO 16532 --- [main] e.h.s.service.OrderService               : Call addOrder() method with order=Order{id=2, date=2024-01-05T20:35:53.249389, cost=433.4, products=[Product{id=6, name='Product 6', cost=66.66}, Product{id=7, name='Product 7', cost=77.77}, Product{id=8, name='Product 8', cost=88.88}, Product{id=9, name='Product 9', cost=99.99}, Product{id=10, name='Product 10', cost=100.1}]} parameter.
2024-01-05T20:35:53.596+02:00  INFO 16532 --- [main] e.h.s.service.OrderService               : New order Order{id=2, date=2024-01-05T20:35:53.249389, cost=433.4, products=[Product{id=6, name='Product 6', cost=66.66}, Product{id=7, name='Product 7', cost=77.77}, Product{id=8, name='Product 8', cost=88.88}, Product{id=9, name='Product 9', cost=99.99}, Product{id=10, name='Product 10', cost=100.1}]} successfully added.
2024-01-05T20:35:53.596+02:00  INFO 16532 --- [main] e.h.s.service.OrderService               : Call getAllOrders() method.
2024-01-05T20:35:53.620+02:00  INFO 16532 --- [main] e.h.s.SpringDataHwLesson38Application    : Example initial data successfully added in to database.
2024-01-05T20:35:53.621+02:00  INFO 16532 --- [main] e.h.s.service.OrderService               : Call getAllOrders() method.
2024-01-05T20:35:53.626+02:00  INFO 16532 --- [main] e.h.s.SpringDataHwLesson38Application    : [Order{id=1, date=2024-01-05T20:35:53.247389500, cost=166.64999999999998, products=[Product{id=1, name='Product 1', cost=11.11}, Product{id=2, name='Product 2', cost=22.22}, Product{id=3, name='Product 3', cost=33.33}, Product{id=4, name='Product 4', cost=44.44}, Product{id=5, name='Product 5', cost=55.55}]}, Order{id=2, date=2024-01-05T20:35:53.249389, cost=433.4, products=[Product{id=6, name='Product 6', cost=66.66}, Product{id=7, name='Product 7', cost=77.77}, Product{id=8, name='Product 8', cost=88.88}, Product{id=9, name='Product 9', cost=99.99}, Product{id=10, name='Product 10', cost=100.1}]}]
2024-01-05T20:36:06.424+02:00  INFO 16532 --- [SpringApplicationShutdownHook] j.LocalContainerEntityManagerFactoryBean : Closing JPA EntityManagerFactory for persistence unit 'default'
2024-01-05T20:36:06.425+02:00  INFO 16532 --- [SpringApplicationShutdownHook] com.zaxxer.hikari.HikariDataSource       : HikariPool-1 - Shutdown initiated...
2024-01-05T20:36:06.436+02:00  INFO 16532 --- [SpringApplicationShutdownHook] com.zaxxer.hikari.HikariDataSource       : HikariPool-1 - Shutdown completed.
